1 runs detected
Num Layers: 2, Hidden Size: 200, Melody Coeff: 0.5, Dropout Prob: 0.5, Input Dropout Prob: 0.8, Cell Type: lstm, Time Batch Len: 128, Learning Rate: 0.005, Decay: 0.9
Epoch: 1, Train Loss: 2.85194884406, Time Per Epoch: 134.42820406
Valid Loss: 2.73975695714
Epoch: 2, Train Loss: 2.26696839862, Time Per Epoch: 114.799513578
Valid Loss: 2.56372569457
Epoch: 3, Train Loss: 1.80836504565, Time Per Epoch: 107.61918966
Valid Loss: 1.7573529954
Epoch: 4, Train Loss: 1.34943297704, Time Per Epoch: 103.955713511
Valid Loss: 1.19282575232
Epoch: 5, Train Loss: 1.12645683951, Time Per Epoch: 101.930664206
Valid Loss: 1.08987604746
Epoch: 6, Train Loss: 1.0202412049, Time Per Epoch: 100.376156688
Valid Loss: 0.904305646915
Epoch: 7, Train Loss: 0.960697640313, Time Per Epoch: 99.4500302928
Valid Loss: 0.906964427764
Valid loss increased for the first time, will start saving models
Epoch: 8, Train Loss: 0.916848977407, Time Per Epoch: 101.449906766
Valid Loss: 0.802524520324
Best loss so far encountered, saving model.
Epoch: 9, Train Loss: 0.873506247997, Time Per Epoch: 102.668728775
Valid Loss: 0.77949018201
Best loss so far encountered, saving model.
Epoch: 10, Train Loss: 0.841213875347, Time Per Epoch: 103.842063618
Valid Loss: 0.758477347322
Best loss so far encountered, saving model.
Epoch: 11, Train Loss: 0.789181514581, Time Per Epoch: 104.647138921
Valid Loss: 0.787015475554
Epoch: 12, Train Loss: 0.760791974598, Time Per Epoch: 103.533974846
Valid Loss: 0.698932043987
Best loss so far encountered, saving model.
Epoch: 13, Train Loss: 0.731609857082, Time Per Epoch: 104.136385698
Valid Loss: 0.665942401284
Best loss so far encountered, saving model.
Epoch: 14, Train Loss: 0.721834754944, Time Per Epoch: 104.869850142
Valid Loss: 0.65041056836
Best loss so far encountered, saving model.
Epoch: 15, Train Loss: 0.695349666145, Time Per Epoch: 105.419096343
Valid Loss: 0.723760182315
Epoch: 16, Train Loss: 0.684117490053, Time Per Epoch: 104.550936818
Valid Loss: 0.620226381144
Best loss so far encountered, saving model.
Epoch: 17, Train Loss: 0.679725665516, Time Per Epoch: 104.987627997
Valid Loss: 0.639571921365
Epoch: 18, Train Loss: 0.654368344943, Time Per Epoch: 104.24600078
Valid Loss: 0.727097165171
Epoch: 19, Train Loss: 0.649792012241, Time Per Epoch: 103.644036155
Valid Loss: 0.634124334201
Epoch: 20, Train Loss: 0.629055059618, Time Per Epoch: 103.149968755
Valid Loss: 0.601854764589
Best loss so far encountered, saving model.
Epoch: 21, Train Loss: 0.622732684347, Time Per Epoch: 103.574100097
Valid Loss: 0.600755914308
Best loss so far encountered, saving model.
Epoch: 22, Train Loss: 0.612105072869, Time Per Epoch: 104.267016498
Valid Loss: 0.626800739529
Epoch: 23, Train Loss: 0.596848656072, Time Per Epoch: 103.747266873
Valid Loss: 0.583200422254
Best loss so far encountered, saving model.
Epoch: 24, Train Loss: 0.583257927497, Time Per Epoch: 104.160123507
Valid Loss: 0.607234344034
Epoch: 25, Train Loss: 0.569655024343, Time Per Epoch: 103.632258167
Valid Loss: 0.608241533289
Epoch: 26, Train Loss: 0.56843829155, Time Per Epoch: 103.201021653
Valid Loss: 0.638964415777
Epoch: 27, Train Loss: 0.561577816804, Time Per Epoch: 102.819570524
Valid Loss: 0.600380097285
Epoch: 28, Train Loss: 0.553549917539, Time Per Epoch: 102.490037969
Valid Loss: 0.564027883039
Best loss so far encountered, saving model.
Epoch: 29, Train Loss: 0.548356519143, Time Per Epoch: 102.982492587
Valid Loss: 0.567810463728
Epoch: 30, Train Loss: 0.541333442926, Time Per Epoch: 102.594909406
Valid Loss: 0.579735392981
Epoch: 31, Train Loss: 0.530029302173, Time Per Epoch: 102.275195645
Valid Loss: 0.591776986523
Epoch: 32, Train Loss: 0.516533449623, Time Per Epoch: 101.967782818
Valid Loss: 0.666784106505
Epoch: 33, Train Loss: 0.521418491006, Time Per Epoch: 101.624853365
Valid Loss: 0.603868159327
Epoch: 34, Train Loss: 0.521424806449, Time Per Epoch: 101.326157324
Valid Loss: 0.571563386386
Epoch: 35, Train Loss: 0.503257864714, Time Per Epoch: 101.040253231
Valid Loss: 0.583053218551
Epoch: 36, Train Loss: 0.503386664391, Time Per Epoch: 100.780408945
Valid Loss: 0.567461872455
Epoch: 37, Train Loss: 0.492704886198, Time Per Epoch: 100.606749541
Valid Loss: 0.666577803321
Epoch: 38, Train Loss: 0.49661478632, Time Per Epoch: 100.368563815
Valid Loss: 0.600059635568
Epoch: 39, Train Loss: 0.488629924589, Time Per Epoch: 100.168263594
Valid Loss: 0.578516492749
Epoch: 40, Train Loss: 0.484423966209, Time Per Epoch: 100.010237974
Valid Loss: 0.567462777147
Epoch: 41, Train Loss: 0.474575323529, Time Per Epoch: 99.8506380523
Valid Loss: 0.565162646003
Epoch: 42, Train Loss: 0.468784625994, Time Per Epoch: 99.7152674766
Valid Loss: 0.647742946844
Epoch: 43, Train Loss: 0.471481551727, Time Per Epoch: 99.5762491393
Valid Loss: 0.660271497941
Epoch: 44, Train Loss: 0.463592147496, Time Per Epoch: 99.4088811603
Valid Loss: 0.578358748467
Epoch: 45, Train Loss: 0.456607502699, Time Per Epoch: 99.2474666437
Valid Loss: 0.674591902164
Epoch: 46, Train Loss: 0.462578424811, Time Per Epoch: 99.1044542634
Valid Loss: 0.581419354618
Epoch: 47, Train Loss: 0.452789432142, Time Per Epoch: 98.9601444285
Valid Loss: 0.566031168298
Epoch: 48, Train Loss: 0.451867248283, Time Per Epoch: 98.823913604
Valid Loss: 0.567613815022
Epoch: 49, Train Loss: 0.447161716223, Time Per Epoch: 98.6831263085
Valid Loss: 0.615858254751
Epoch: 50, Train Loss: 0.442192083928, Time Per Epoch: 98.5625367832
Valid Loss: 0.57749817395
Epoch: 51, Train Loss: 0.443764034576, Time Per Epoch: 98.4307522774
Valid Loss: 0.574352404859
Epoch: 52, Train Loss: 0.435735165079, Time Per Epoch: 98.3040963274
Valid Loss: 0.566441266253
Epoch: 53, Train Loss: 0.436870250437, Time Per Epoch: 98.170956868
Valid Loss: 0.700174607853
Epoch: 54, Train Loss: 0.434484177166, Time Per Epoch: 98.0806250572
Valid Loss: 0.57754632152
Epoch: 55, Train Loss: 0.426038882136, Time Per Epoch: 98.0191115119
Valid Loss: 0.67991719358
Epoch: 56, Train Loss: 0.432145622704, Time Per Epoch: 97.9558813955
Valid Loss: 0.595485871381
Epoch: 57, Train Loss: 0.423930248949, Time Per Epoch: 97.8980724393
Valid Loss: 0.658196587669
Epoch: 58, Train Loss: 0.422283488181, Time Per Epoch: 97.8195376561
Valid Loss: 0.638812178727
Epoch: 59, Train Loss: 0.413551250597, Time Per Epoch: 97.7154771554
Valid Loss: 0.592258823685
Epoch: 60, Train Loss: 0.41471965048, Time Per Epoch: 97.6106241663
Valid Loss: 0.692613713812
Epoch: 61, Train Loss: 0.414143021239, Time Per Epoch: 97.4924665748
Valid Loss: 0.564679944574
Epoch: 62, Train Loss: 0.408131107854, Time Per Epoch: 97.4057504515
Valid Loss: 0.625428300978
Epoch: 63, Train Loss: 0.407019523448, Time Per Epoch: 97.3171068108
Valid Loss: 0.554305176924
Best loss so far encountered, saving model.
Epoch: 64, Train Loss: 0.408887401554, Time Per Epoch: 97.6255435944
Valid Loss: 0.590613221473
Epoch: 65, Train Loss: 0.401921220289, Time Per Epoch: 97.5512749855
Valid Loss: 0.605888508924
Epoch: 66, Train Loss: 0.396904908286, Time Per Epoch: 97.500898289
Valid Loss: 0.666525918953
Epoch: 67, Train Loss: 0.399269043903, Time Per Epoch: 97.4100425243
Valid Loss: 0.574980114061
Epoch: 68, Train Loss: 0.395875096818, Time Per Epoch: 97.3515267232
Valid Loss: 0.624995582765
Epoch: 69, Train Loss: 0.393289432592, Time Per Epoch: 97.2692001453
Valid Loss: 0.596270330472
Epoch: 70, Train Loss: 0.393172226018, Time Per Epoch: 97.1842368569
Valid Loss: 0.569258130718
Epoch: 71, Train Loss: 0.394258093172, Time Per Epoch: 97.1197997348
Valid Loss: 0.634747182084
Epoch: 72, Train Loss: 0.38982805411, Time Per Epoch: 97.0681028896
Valid Loss: 0.554455969888
Epoch: 73, Train Loss: 0.387937352558, Time Per Epoch: 97.0089374242
Valid Loss: 0.66629552074
Epoch: 74, Train Loss: 0.384254548947, Time Per Epoch: 96.9508014337
Valid Loss: 0.586473451688
Epoch: 75, Train Loss: 0.387101415462, Time Per Epoch: 96.8945293077
Valid Loss: 0.558795008624
Epoch: 76, Train Loss: 0.385184744, Time Per Epoch: 96.8820944868
Valid Loss: 0.593684420727
Epoch: 77, Train Loss: 0.383738761312, Time Per Epoch: 96.8122464805
Valid Loss: 0.551008732602
Best loss so far encountered, saving model.
Epoch: 78, Train Loss: 0.383314449257, Time Per Epoch: 97.0643183971
Valid Loss: 0.555624201746
Epoch: 79, Train Loss: 0.378180874553, Time Per Epoch: 97.0231818881
Valid Loss: 0.685006370934
Epoch: 80, Train Loss: 0.377128186822, Time Per Epoch: 96.9775692761
Valid Loss: 0.573017378255
Epoch: 81, Train Loss: 0.382268186741, Time Per Epoch: 96.9475058891
Valid Loss: 0.554889600466
Epoch: 82, Train Loss: 0.377266891797, Time Per Epoch: 96.8978686216
Valid Loss: 0.547746457676
Best loss so far encountered, saving model.
Epoch: 83, Train Loss: 0.375587484241, Time Per Epoch: 97.1404793866
Valid Loss: 0.659660637379
Epoch: 84, Train Loss: 0.371511496935, Time Per Epoch: 97.1087157613
Valid Loss: 0.550579881609
Epoch: 85, Train Loss: 0.371146364841, Time Per Epoch: 97.0757922004
Valid Loss: 0.590289951551
